Starting Mod1 function
++++++++++++++++++++++++++++++++++++++++++++++++++
Here is a summary of the parameters being used:
 
 
xAB= 30
 
kappa_H=1
kappa_D=1
kappa_T=2
 
NAB=100
NABA=200
NH=100
 
fA=0.25
fB=0.5
fC=0.25
fD=0.5
fE=0.5
fF=1
 
 
 
_____________________________________________________
R+R_tip fE fE_homo Volume Area mu_d mu_t mu_h
Saving data . . .
Saving data . . .
Saving data . . .
Saving data . . .
Saving data . . .
Saving data . . .
Saving data . . .
Saving data . . .
Saving data . . .
Saving data . . .
Saving data . . .
Saving data . . .
Saving data . . .
Saving data . . .
Saving data . . .
Saving data . . .
Saving data . . .
Saving data . . .
Saving data . . .
Saving data . . .
Saving data . . .
9.12698 -6852.97 -7238.22 7238.22 261.7 -200 4.6 0
Saving data . . .
Saving data . . .
Saving data . . .
Saving data . . .
Saving data . . .
12.127 -9170.69 -9650.96 9650.96 462.014 -200 4.6 0
Saving data . . .
Saving data . . .
Saving data . . .
15.127 -11488.3 -12063.7 12063.7 718.876 -200 4.6 0
Saving data . . .
Saving data . . .
Saving data . . .
18.127 -13805.9 -14476.4 14476.4 1032.29 -200 4.6 0
Saving data . . .
Saving data . . .
Saving data . . .
21.127 -16123.6 -16889.2 16889.2 1402.25 -200 4.6 0
Saving data . . .
Saving data . . .
24.127 -18441.2 -19301.9 19301.9 1828.76 -200 4.6 0
Saving data . . .
Saving data . . .
27.127 -20758.8 -21714.7 21714.7 2311.81 -200 4.6 0
Saving data . . .
Saving data . . .
30.127 -23076.4 -24127.4 24127.4 2851.42 -200 4.6 0
Saving data . . .
Saving data . . .
33.127 -25394 -26540.2 26540.2 3447.57 -200 4.6 0
Saving data . . .
Saving data . . .
36.127 -27711.6 -28952.9 28952.9 4100.27 -200 4.6 0
Saving data . . .
Saving data . . .
39.127 -30029.2 -31365.6 31365.6 4809.53 -200 4.6 0
Saving data . . .
Saving data . . .
42.127 -32346.7 -33778.4 33778.4 5575.33 -200 4.6 0
Saving data . . .
Saving data . . .
45.127 -34664.3 -36191.1 36191.1 6397.67 -200 4.6 0
Saving data . . .
Saving data . . .
48.127 -36981.9 -38603.9 38603.9 7276.57 -200 4.6 0
Saving data . . .
Saving data . . .
51.127 -39299.5 -41016.6 41016.6 8212.02 -200 4.6 0
Saving data . . .
Saving data . . .
54.127 -41617.1 -43429.3 43429.3 9204.01 -200 4.6 0
Saving data . . .
Saving data . . .
57.127 -43934.7 -45842.1 45842.1 10252.6 -200 4.6 0
Saving data . . .
Saving data . . .
60.127 -46252.3 -48254.8 48254.8 11357.6 -200 4.6 0
Saving data . . .
Saving data . . .
63.127 -48569.9 -50667.6 50667.6 12519.3 -200 4.6 0
Saving data . . .
Saving data . . .
66.127 -50887.5 -53080.3 53080.3 13737.5 -200 4.6 0
Saving data . . .
Saving data . . .
69.127 -53205.1 -55493 55493 15012.2 -200 4.6 0
Saving data . . .
Saving data . . .
72.127 -55522.7 -57905.8 57905.8 16343.5 -200 4.6 0
Saving data . . .
Saving data . . .
75.127 -57840.3 -60318.5 60318.5 17731.3 -200 4.6 0
Saving data . . .
Saving data . . .
78.127 -60157.9 -62731.3 62731.3 19175.7 -200 4.6 0
Saving data . . .
Saving data . . .
81.127 -62475.5 -65144 65144 20676.6 -200 4.6 0
Saving data . . .
Saving data . . .
84.127 -64793.1 -67556.8 67556.8 22234.1 -200 4.6 0
Saving data . . .
Saving data . . .
87.127 -67110.7 -69969.5 69969.5 23848.2 -200 4.6 0
Saving data . . .
Saving data . . .
90.127 -69428.3 -72382.2 72382.2 25518.7 -200 4.6 0
Saving data . . .
Saving data . . .
93.127 -71745.8 -74795 74795 27245.9 -200 4.6 0
Saving data . . .
Saving data . . .
96.127 -74063.4 -77207.7 77207.7 29029.5 -200 4.6 0
Saving data . . .
Saving data . . .
99.127 -76381 -79620.5 79620.5 30869.8 -200 4.6 0
--- SharcNET Job Epilogue ---
              job id: 7549576
         exit status: 0
            cpu time: 1.1h / 48.0h (2 %)
        elapsed time: 1.1h / 48.0h (2 %)
      virtual memory: 253.1M / 1.0G (24 %)

Job completed successfully
WARNING: Job only used 2 % of its requested walltime.
WARNING: Job only used 2 % of its requested cpu time.
WARNING: Job only used 24% of its requested memory.
